Information: 19:04:58 - 14 - Now listening on: https://localhost:7003
Information: 19:04:58 - 14 - Now listening on: http://localhost:5187
Information: 19:04:58 - 0 - Application started. Press Ctrl+C to shut down.
Information: 19:04:58 - 0 - Hosting environment: Development
Information: 19:04:58 - 0 - Content root path: C:\Users\CARLOS\source\repos\01-ODONTO-BACKEND\OdontoBackend.Services.Api
Information: 19:05:32 - 14 - Now listening on: https://localhost:7003
Information: 19:05:32 - 14 - Now listening on: http://localhost:5187
Information: 19:05:32 - 0 - Application started. Press Ctrl+C to shut down.
Information: 19:05:32 - 0 - Hosting environment: Development
Information: 19:05:32 - 0 - Content root path: C:\Users\CARLOS\source\repos\01-ODONTO-BACKEND\OdontoBackend.Services.Api
Information: 19:07:00 - 14 - Now listening on: https://localhost:7003
Information: 19:07:00 - 14 - Now listening on: http://localhost:5187
Information: 19:07:00 - 0 - Application started. Press Ctrl+C to shut down.
Information: 19:07:00 - 0 - Hosting environment: Development
Information: 19:07:00 - 0 - Content root path: C:\Users\CARLOS\source\repos\01-ODONTO-BACKEND\OdontoBackend.Services.Api
Information: 19:08:02 - 14 - Now listening on: https://localhost:7003
Information: 19:08:02 - 14 - Now listening on: http://localhost:5187
Information: 19:08:02 - 0 - Application started. Press Ctrl+C to shut down.
Information: 19:08:02 - 0 - Hosting environment: Development
Information: 19:08:02 - 0 - Content root path: C:\Users\CARLOS\source\repos\01-ODONTO-BACKEND\OdontoBackend.Services.Api
Information: 19:09:36 - 14 - Now listening on: https://localhost:7003
Information: 19:09:36 - 14 - Now listening on: http://localhost:5187
Information: 19:09:36 - 0 - Application started. Press Ctrl+C to shut down.
Information: 19:09:36 - 0 - Hosting environment: Development
Information: 19:09:36 - 0 - Content root path: C:\Users\CARLOS\source\repos\01-ODONTO-BACKEND\OdontoBackend.Services.Api
Information: 19:10:05 - 14 - Now listening on: https://localhost:7003
Information: 19:10:05 - 14 - Now listening on: http://localhost:5187
Information: 19:10:05 - 0 - Application started. Press Ctrl+C to shut down.
Information: 19:10:05 - 0 - Hosting environment: Development
Information: 19:10:05 - 0 - Content root path: C:\Users\CARLOS\source\repos\01-ODONTO-BACKEND\OdontoBackend.Services.Api
Information: 19:12:35 - 14 - Now listening on: https://localhost:7003
Information: 19:12:35 - 14 - Now listening on: http://localhost:5187
Information: 19:12:35 - 0 - Application started. Press Ctrl+C to shut down.
Information: 19:12:35 - 0 - Hosting environment: Development
Information: 19:12:35 - 0 - Content root path: C:\Users\CARLOS\source\repos\01-ODONTO-BACKEND\OdontoBackend.Services.Api
Information: 19:18:31 - 14 - Now listening on: https://localhost:7003
Information: 19:18:31 - 14 - Now listening on: http://localhost:5187
Information: 19:18:31 - 0 - Application started. Press Ctrl+C to shut down.
Information: 19:18:31 - 0 - Hosting environment: Development
Information: 19:18:31 - 0 - Content root path: C:\Users\CARLOS\source\repos\01-ODONTO-BACKEND\OdontoBackend.Services.Api
Information: 19:19:35 - 14 - Now listening on: https://localhost:7003
Information: 19:19:35 - 14 - Now listening on: http://localhost:5187
Information: 19:19:35 - 0 - Application started. Press Ctrl+C to shut down.
Information: 19:19:35 - 0 - Hosting environment: Development
Information: 19:19:35 - 0 - Content root path: C:\Users\CARLOS\source\repos\01-ODONTO-BACKEND\OdontoBackend.Services.Api
Information: 20:55:10 - 14 - Now listening on: https://localhost:7003
Information: 20:55:10 - 14 - Now listening on: http://localhost:5187
Information: 20:55:10 - 0 - Application started. Press Ctrl+C to shut down.
Information: 20:55:10 - 0 - Hosting environment: Development
Information: 20:55:10 - 0 - Content root path: C:\Users\CARLOS\source\repos\01-ODONTO-BACKEND\OdontoBackend.Services.Api
Information: 22:18:49 - 14 - Now listening on: https://localhost:7003
Information: 22:18:49 - 14 - Now listening on: http://localhost:5187
Information: 22:18:49 - 0 - Application started. Press Ctrl+C to shut down.
Information: 22:18:49 - 0 - Hosting environment: Development
Information: 22:18:49 - 0 - Content root path: C:\Users\CARLOS\source\repos\01-ODONTO-BACKEND\OdontoBackend.Services.Api
Information: 22:23:01 - 14 - Now listening on: https://localhost:7003
Information: 22:23:01 - 14 - Now listening on: http://localhost:5187
Information: 22:23:01 - 0 - Application started. Press Ctrl+C to shut down.
Information: 22:23:01 - 0 - Hosting environment: Development
Information: 22:23:01 - 0 - Content root path: C:\Users\CARLOS\source\repos\01-ODONTO-BACKEND\OdontoBackend.Services.Api
Information: 22:23:10 - 14 - Now listening on: https://localhost:7288
Information: 22:23:10 - 14 - Now listening on: http://localhost:5187
Information: 22:23:10 - 0 - Application started. Press Ctrl+C to shut down.
Information: 22:23:10 - 0 - Hosting environment: Development
Information: 22:23:10 - 0 - Content root path: C:\Users\CARLOS\source\repos\01-ODONTO-BACKEND\OdontoBackend.Services.Api
Information: 22:26:34 - 14 - Now listening on: https://localhost:7288
Information: 22:26:34 - 14 - Now listening on: http://localhost:5187
Information: 22:26:34 - 0 - Application started. Press Ctrl+C to shut down.
Information: 22:26:34 - 0 - Hosting environment: Development
Information: 22:26:34 - 0 - Content root path: C:\Users\CARLOS\source\repos\01-ODONTO-BACKEND\OdontoBackend.Services.Api
