Information: 20:20:56 - 14 - Now listening on: https://localhost:7288
Information: 20:20:56 - 14 - Now listening on: http://localhost:5187
Information: 20:20:56 - 0 - Application started. Press Ctrl+C to shut down.
Information: 20:20:56 - 0 - Hosting environment: Development
Information: 20:20:56 - 0 - Content root path: C:\Users\CARLOS\source\repos\01-ODONTO-BACKEND\OdontoBackend.Services.Api
Information: 20:21:17 - 14 - Now listening on: https://localhost:7288
Information: 20:21:17 - 14 - Now listening on: http://localhost:5187
Information: 20:21:17 - 0 - Application started. Press Ctrl+C to shut down.
Information: 20:21:17 - 0 - Hosting environment: Development
Information: 20:21:17 - 0 - Content root path: C:\Users\CARLOS\source\repos\01-ODONTO-BACKEND\OdontoBackend.Services.Api
Information: 20:21:35 - 14 - Now listening on: https://localhost:7288
Information: 20:21:35 - 14 - Now listening on: http://localhost:5187
Information: 20:21:35 - 0 - Application started. Press Ctrl+C to shut down.
Information: 20:21:35 - 0 - Hosting environment: Development
Information: 20:21:35 - 0 - Content root path: C:\Users\CARLOS\source\repos\01-ODONTO-BACKEND\OdontoBackend.Services.Api
Information: 20:22:04 - 14 - Now listening on: https://localhost:7288
Information: 20:22:04 - 14 - Now listening on: http://localhost:5187
Information: 20:22:04 - 0 - Application started. Press Ctrl+C to shut down.
Information: 20:22:04 - 0 - Hosting environment: Development
Information: 20:22:04 - 0 - Content root path: C:\Users\CARLOS\source\repos\01-ODONTO-BACKEND\OdontoBackend.Services.Api
Information: 20:22:21 - 14 - Now listening on: https://localhost:7288
Information: 20:22:21 - 14 - Now listening on: http://localhost:5187
Information: 20:22:21 - 0 - Application started. Press Ctrl+C to shut down.
Information: 20:22:21 - 0 - Hosting environment: Development
Information: 20:22:21 - 0 - Content root path: C:\Users\CARLOS\source\repos\01-ODONTO-BACKEND\OdontoBackend.Services.Api
Information: 20:22:53 - 14 - Now listening on: https://localhost:7288
Information: 20:22:53 - 14 - Now listening on: http://localhost:5187
Information: 20:22:53 - 0 - Application started. Press Ctrl+C to shut down.
Information: 20:22:53 - 0 - Hosting environment: Development
Information: 20:22:53 - 0 - Content root path: C:\Users\CARLOS\source\repos\01-ODONTO-BACKEND\OdontoBackend.Services.Api
Information: 20:25:28 - 14 - Now listening on: https://localhost:7288
Information: 20:25:28 - 14 - Now listening on: http://localhost:5187
Information: 20:25:28 - 0 - Application started. Press Ctrl+C to shut down.
Information: 20:25:28 - 0 - Hosting environment: Development
Information: 20:25:28 - 0 - Content root path: C:\Users\CARLOS\source\repos\01-ODONTO-BACKEND\OdontoBackend.Services.Api
Information: 20:34:32 - 14 - Now listening on: https://localhost:7288
Information: 20:34:32 - 14 - Now listening on: http://localhost:5187
Information: 20:34:32 - 0 - Application started. Press Ctrl+C to shut down.
Information: 20:34:32 - 0 - Hosting environment: Development
Information: 20:34:32 - 0 - Content root path: C:\Users\CARLOS\source\repos\01-ODONTO-BACKEND\OdontoBackend.Services.Api
Information: 20:34:54 - 14 - Now listening on: https://localhost:7288
Information: 20:34:54 - 14 - Now listening on: http://localhost:5187
Information: 20:34:54 - 0 - Application started. Press Ctrl+C to shut down.
Information: 20:34:54 - 0 - Hosting environment: Development
Information: 20:34:54 - 0 - Content root path: C:\Users\CARLOS\source\repos\01-ODONTO-BACKEND\OdontoBackend.Services.Api
Information: 20:36:31 - 14 - Now listening on: https://localhost:7288
Information: 20:36:31 - 14 - Now listening on: http://localhost:5187
Information: 20:36:31 - 0 - Application started. Press Ctrl+C to shut down.
Information: 20:36:31 - 0 - Hosting environment: Development
Information: 20:36:31 - 0 - Content root path: C:\Users\CARLOS\source\repos\01-ODONTO-BACKEND\OdontoBackend.Services.Api
Information: 20:40:16 - 14 - Now listening on: https://localhost:7288
Information: 20:40:16 - 14 - Now listening on: http://localhost:5187
Information: 20:40:16 - 0 - Application started. Press Ctrl+C to shut down.
Information: 20:40:16 - 0 - Hosting environment: Development
Information: 20:40:16 - 0 - Content root path: C:\Users\CARLOS\source\repos\01-ODONTO-BACKEND\OdontoBackend.Services.Api
Information: 20:43:30 - 14 - Now listening on: https://localhost:7288
Information: 20:43:30 - 14 - Now listening on: http://localhost:5187
Information: 20:43:30 - 0 - Application started. Press Ctrl+C to shut down.
Information: 20:43:30 - 0 - Hosting environment: Development
Information: 20:43:30 - 0 - Content root path: C:\Users\CARLOS\source\repos\01-ODONTO-BACKEND\OdontoBackend.Services.Api
Information: 20:53:18 - 14 - Now listening on: https://localhost:7288
Information: 20:53:18 - 14 - Now listening on: http://localhost:5187
Information: 20:53:18 - 0 - Application started. Press Ctrl+C to shut down.
Information: 20:53:18 - 0 - Hosting environment: Development
Information: 20:53:18 - 0 - Content root path: C:\Users\CARLOS\source\repos\01-ODONTO-BACKEND\OdontoBackend.Services.Api
