Error: 09:14:46 - 0 - System.ArgumentNullException: Value cannot be null. (Parameter 'source')
   at System.ArgumentNullException.Throw(String paramName)
   at System.ArgumentNullException.ThrowIfNull(Object argument, String paramName)
   at System.Linq.Queryable.Count[TSource](IQueryable`1 source, Expression`1 predicate)
   at OdontoBackend.Services.Api.Controllers.AuthController.getUserByCiPas(UserByCiPasQuery request) in C:\Users\USER\source\repos\01-ODONTO-BACKEND\OdontoBackend.Services.Api\Controllers\AuthController.cs:line 51
   at Microsoft.AspNetCore.Mvc.Infrastructure.ActionMethodExecutor.TaskOfIActionResultExecutor.Execute(ActionContext actionContext, IActionResultTypeMapper mapper, ObjectMethodExecutor executor, Object controller, Object[] arguments)
   at Microsoft.AspNetCore.Mvc.Infrastructure.ControllerActionInvoker.<InvokeActionMethodAsync>g__Awaited|12_0(ControllerActionInvoker invoker, ValueTask`1 actionResultValueTask)
   at Microsoft.AspNetCore.Mvc.Infrastructure.ControllerActionInvoker.<InvokeNextActionFilterAsync>g__Awaited|10_0(ControllerActionInvoker invoker, Task lastTask, State next, Scope scope, Object state, Boolean isCompleted)
   at Microsoft.AspNetCore.Mvc.Infrastructure.ControllerActionInvoker.Rethrow(ActionExecutedContextSealed context)
   at Microsoft.AspNetCore.Mvc.Infrastructure.ControllerActionInvoker.Next(State& next, Scope& scope, Object& state, Boolean& isCompleted)
   at Microsoft.AspNetCore.Mvc.Infrastructure.ControllerActionInvoker.InvokeInnerFilterAsync()
--- End of stack trace from previous location ---
   at Microsoft.AspNetCore.Mvc.Infrastructure.ResourceInvoker.<InvokeFilterPipelineAsync>g__Awaited|20_0(ResourceInvoker invoker, Task lastTask, State next, Scope scope, Object state, Boolean isCompleted)
   at Microsoft.AspNetCore.Mvc.Infrastructure.ResourceInvoker.<InvokeAsync>g__Awaited|17_0(ResourceInvoker invoker, Task task, IDisposable scope)
   at Microsoft.AspNetCore.Mvc.Infrastructure.ResourceInvoker.<InvokeAsync>g__Awaited|17_0(ResourceInvoker invoker, Task task, IDisposable scope)
   at Microsoft.AspNetCore.Routing.EndpointMiddleware.<Invoke>g__AwaitRequestTask|6_0(Endpoint endpoint, Task requestTask, ILogger logger)
   at OdontoBackend.Common.Logs.ExceptionHandler.Invoke(HttpContext context) in C:\Users\USER\source\repos\01-ODONTO-BACKEND\OdontoBackend.Common.Logs\ExceptionHandler.cs:line 32
Error: 09:14:54 - 0 - System.ArgumentNullException: Value cannot be null. (Parameter 'source')
   at System.ArgumentNullException.Throw(String paramName)
   at System.ArgumentNullException.ThrowIfNull(Object argument, String paramName)
   at System.Linq.Queryable.Count[TSource](IQueryable`1 source, Expression`1 predicate)
   at OdontoBackend.Services.Api.Controllers.AuthController.getUserByCiPas(UserByCiPasQuery request) in C:\Users\USER\source\repos\01-ODONTO-BACKEND\OdontoBackend.Services.Api\Controllers\AuthController.cs:line 51
   at Microsoft.AspNetCore.Mvc.Infrastructure.ActionMethodExecutor.TaskOfIActionResultExecutor.Execute(ActionContext actionContext, IActionResultTypeMapper mapper, ObjectMethodExecutor executor, Object controller, Object[] arguments)
   at Microsoft.AspNetCore.Mvc.Infrastructure.ControllerActionInvoker.<InvokeActionMethodAsync>g__Awaited|12_0(ControllerActionInvoker invoker, ValueTask`1 actionResultValueTask)
   at Microsoft.AspNetCore.Mvc.Infrastructure.ControllerActionInvoker.<InvokeNextActionFilterAsync>g__Awaited|10_0(ControllerActionInvoker invoker, Task lastTask, State next, Scope scope, Object state, Boolean isCompleted)
   at Microsoft.AspNetCore.Mvc.Infrastructure.ControllerActionInvoker.Rethrow(ActionExecutedContextSealed context)
   at Microsoft.AspNetCore.Mvc.Infrastructure.ControllerActionInvoker.Next(State& next, Scope& scope, Object& state, Boolean& isCompleted)
   at Microsoft.AspNetCore.Mvc.Infrastructure.ControllerActionInvoker.InvokeInnerFilterAsync()
--- End of stack trace from previous location ---
   at Microsoft.AspNetCore.Mvc.Infrastructure.ResourceInvoker.<InvokeFilterPipelineAsync>g__Awaited|20_0(ResourceInvoker invoker, Task lastTask, State next, Scope scope, Object state, Boolean isCompleted)
   at Microsoft.AspNetCore.Mvc.Infrastructure.ResourceInvoker.<InvokeAsync>g__Awaited|17_0(ResourceInvoker invoker, Task task, IDisposable scope)
   at Microsoft.AspNetCore.Mvc.Infrastructure.ResourceInvoker.<InvokeAsync>g__Awaited|17_0(ResourceInvoker invoker, Task task, IDisposable scope)
   at Microsoft.AspNetCore.Routing.EndpointMiddleware.<Invoke>g__AwaitRequestTask|6_0(Endpoint endpoint, Task requestTask, ILogger logger)
   at OdontoBackend.Common.Logs.ExceptionHandler.Invoke(HttpContext context) in C:\Users\USER\source\repos\01-ODONTO-BACKEND\OdontoBackend.Common.Logs\ExceptionHandler.cs:line 32
Information: 09:15:06 - 14 - Now listening on: https://localhost:7288
Information: 09:15:06 - 14 - Now listening on: http://localhost:5187
Information: 09:15:06 - 0 - Application started. Press Ctrl+C to shut down.
Information: 09:15:06 - 0 - Hosting environment: Development
Information: 09:15:06 - 0 - Content root path: C:\Users\USER\source\repos\01-ODONTO-BACKEND\OdontoBackend.Services.Api
Error: 09:15:13 - 0 - System.ArgumentNullException: Value cannot be null. (Parameter 'source')
   at System.ArgumentNullException.Throw(String paramName)
   at System.ArgumentNullException.ThrowIfNull(Object argument, String paramName)
   at System.Linq.Queryable.Count[TSource](IQueryable`1 source, Expression`1 predicate)
   at OdontoBackend.Services.Api.Controllers.AuthController.getUserByCiPas(UserByCiPasQuery request) in C:\Users\USER\source\repos\01-ODONTO-BACKEND\OdontoBackend.Services.Api\Controllers\AuthController.cs:line 51
   at Microsoft.AspNetCore.Mvc.Infrastructure.ActionMethodExecutor.TaskOfIActionResultExecutor.Execute(ActionContext actionContext, IActionResultTypeMapper mapper, ObjectMethodExecutor executor, Object controller, Object[] arguments)
   at Microsoft.AspNetCore.Mvc.Infrastructure.ControllerActionInvoker.<InvokeActionMethodAsync>g__Awaited|12_0(ControllerActionInvoker invoker, ValueTask`1 actionResultValueTask)
   at Microsoft.AspNetCore.Mvc.Infrastructure.ControllerActionInvoker.<InvokeNextActionFilterAsync>g__Awaited|10_0(ControllerActionInvoker invoker, Task lastTask, State next, Scope scope, Object state, Boolean isCompleted)
   at Microsoft.AspNetCore.Mvc.Infrastructure.ControllerActionInvoker.Rethrow(ActionExecutedContextSealed context)
   at Microsoft.AspNetCore.Mvc.Infrastructure.ControllerActionInvoker.Next(State& next, Scope& scope, Object& state, Boolean& isCompleted)
   at Microsoft.AspNetCore.Mvc.Infrastructure.ControllerActionInvoker.InvokeInnerFilterAsync()
--- End of stack trace from previous location ---
   at Microsoft.AspNetCore.Mvc.Infrastructure.ResourceInvoker.<InvokeFilterPipelineAsync>g__Awaited|20_0(ResourceInvoker invoker, Task lastTask, State next, Scope scope, Object state, Boolean isCompleted)
   at Microsoft.AspNetCore.Mvc.Infrastructure.ResourceInvoker.<InvokeAsync>g__Awaited|17_0(ResourceInvoker invoker, Task task, IDisposable scope)
   at Microsoft.AspNetCore.Mvc.Infrastructure.ResourceInvoker.<InvokeAsync>g__Awaited|17_0(ResourceInvoker invoker, Task task, IDisposable scope)
   at Microsoft.AspNetCore.Routing.EndpointMiddleware.<Invoke>g__AwaitRequestTask|6_0(Endpoint endpoint, Task requestTask, ILogger logger)
   at OdontoBackend.Common.Logs.ExceptionHandler.Invoke(HttpContext context) in C:\Users\USER\source\repos\01-ODONTO-BACKEND\OdontoBackend.Common.Logs\ExceptionHandler.cs:line 32
Error: 09:15:15 - 0 - System.ArgumentNullException: Value cannot be null. (Parameter 'source')
   at System.ArgumentNullException.Throw(String paramName)
   at System.ArgumentNullException.ThrowIfNull(Object argument, String paramName)
   at System.Linq.Queryable.Count[TSource](IQueryable`1 source, Expression`1 predicate)
   at OdontoBackend.Services.Api.Controllers.AuthController.getUserByCiPas(UserByCiPasQuery request) in C:\Users\USER\source\repos\01-ODONTO-BACKEND\OdontoBackend.Services.Api\Controllers\AuthController.cs:line 51
   at Microsoft.AspNetCore.Mvc.Infrastructure.ActionMethodExecutor.TaskOfIActionResultExecutor.Execute(ActionContext actionContext, IActionResultTypeMapper mapper, ObjectMethodExecutor executor, Object controller, Object[] arguments)
   at Microsoft.AspNetCore.Mvc.Infrastructure.ControllerActionInvoker.<InvokeActionMethodAsync>g__Awaited|12_0(ControllerActionInvoker invoker, ValueTask`1 actionResultValueTask)
   at Microsoft.AspNetCore.Mvc.Infrastructure.ControllerActionInvoker.<InvokeNextActionFilterAsync>g__Awaited|10_0(ControllerActionInvoker invoker, Task lastTask, State next, Scope scope, Object state, Boolean isCompleted)
   at Microsoft.AspNetCore.Mvc.Infrastructure.ControllerActionInvoker.Rethrow(ActionExecutedContextSealed context)
   at Microsoft.AspNetCore.Mvc.Infrastructure.ControllerActionInvoker.Next(State& next, Scope& scope, Object& state, Boolean& isCompleted)
   at Microsoft.AspNetCore.Mvc.Infrastructure.ControllerActionInvoker.InvokeInnerFilterAsync()
--- End of stack trace from previous location ---
   at Microsoft.AspNetCore.Mvc.Infrastructure.ResourceInvoker.<InvokeFilterPipelineAsync>g__Awaited|20_0(ResourceInvoker invoker, Task lastTask, State next, Scope scope, Object state, Boolean isCompleted)
   at Microsoft.AspNetCore.Mvc.Infrastructure.ResourceInvoker.<InvokeAsync>g__Awaited|17_0(ResourceInvoker invoker, Task task, IDisposable scope)
   at Microsoft.AspNetCore.Mvc.Infrastructure.ResourceInvoker.<InvokeAsync>g__Awaited|17_0(ResourceInvoker invoker, Task task, IDisposable scope)
   at Microsoft.AspNetCore.Routing.EndpointMiddleware.<Invoke>g__AwaitRequestTask|6_0(Endpoint endpoint, Task requestTask, ILogger logger)
   at OdontoBackend.Common.Logs.ExceptionHandler.Invoke(HttpContext context) in C:\Users\USER\source\repos\01-ODONTO-BACKEND\OdontoBackend.Common.Logs\ExceptionHandler.cs:line 32
Information: 15:46:33 - 14 - Now listening on: https://localhost:7288
Information: 15:46:33 - 14 - Now listening on: http://localhost:5187
Information: 15:46:33 - 0 - Application started. Press Ctrl+C to shut down.
Information: 15:46:33 - 0 - Hosting environment: Development
Information: 15:46:33 - 0 - Content root path: C:\Users\USER\source\repos\01-ODONTO-BACKEND\OdontoBackend.Services.Api
Information: 15:59:25 - 14 - Now listening on: https://localhost:7288
Information: 15:59:25 - 14 - Now listening on: http://localhost:5187
Information: 15:59:25 - 0 - Application started. Press Ctrl+C to shut down.
Information: 15:59:25 - 0 - Hosting environment: Development
Information: 15:59:25 - 0 - Content root path: C:\Users\USER\source\repos\01-ODONTO-BACKEND\OdontoBackend.Services.Api
Error: 15:59:42 - 0 - System.ArgumentNullException: Value cannot be null. (Parameter 'source')
   at System.ArgumentNullException.Throw(String paramName)
   at System.ArgumentNullException.ThrowIfNull(Object argument, String paramName)
   at System.Linq.Queryable.Count[TSource](IQueryable`1 source, Expression`1 predicate)
   at OdontoBackend.Services.Api.Controllers.AuthController.getUserByCiPas(UserByCiPasQuery request) in C:\Users\USER\source\repos\01-ODONTO-BACKEND\OdontoBackend.Services.Api\Controllers\AuthController.cs:line 51
   at Microsoft.AspNetCore.Mvc.Infrastructure.ActionMethodExecutor.TaskOfIActionResultExecutor.Execute(ActionContext actionContext, IActionResultTypeMapper mapper, ObjectMethodExecutor executor, Object controller, Object[] arguments)
   at Microsoft.AspNetCore.Mvc.Infrastructure.ControllerActionInvoker.<InvokeActionMethodAsync>g__Awaited|12_0(ControllerActionInvoker invoker, ValueTask`1 actionResultValueTask)
   at Microsoft.AspNetCore.Mvc.Infrastructure.ControllerActionInvoker.<InvokeNextActionFilterAsync>g__Awaited|10_0(ControllerActionInvoker invoker, Task lastTask, State next, Scope scope, Object state, Boolean isCompleted)
   at Microsoft.AspNetCore.Mvc.Infrastructure.ControllerActionInvoker.Rethrow(ActionExecutedContextSealed context)
   at Microsoft.AspNetCore.Mvc.Infrastructure.ControllerActionInvoker.Next(State& next, Scope& scope, Object& state, Boolean& isCompleted)
   at Microsoft.AspNetCore.Mvc.Infrastructure.ControllerActionInvoker.InvokeInnerFilterAsync()
--- End of stack trace from previous location ---
   at Microsoft.AspNetCore.Mvc.Infrastructure.ResourceInvoker.<InvokeFilterPipelineAsync>g__Awaited|20_0(ResourceInvoker invoker, Task lastTask, State next, Scope scope, Object state, Boolean isCompleted)
   at Microsoft.AspNetCore.Mvc.Infrastructure.ResourceInvoker.<InvokeAsync>g__Awaited|17_0(ResourceInvoker invoker, Task task, IDisposable scope)
   at Microsoft.AspNetCore.Mvc.Infrastructure.ResourceInvoker.<InvokeAsync>g__Awaited|17_0(ResourceInvoker invoker, Task task, IDisposable scope)
   at Microsoft.AspNetCore.Routing.EndpointMiddleware.<Invoke>g__AwaitRequestTask|6_0(Endpoint endpoint, Task requestTask, ILogger logger)
   at OdontoBackend.Common.Logs.ExceptionHandler.Invoke(HttpContext context) in C:\Users\USER\source\repos\01-ODONTO-BACKEND\OdontoBackend.Common.Logs\ExceptionHandler.cs:line 32
Error: 15:59:58 - 0 - System.ArgumentNullException: Value cannot be null. (Parameter 'source')
   at System.ArgumentNullException.Throw(String paramName)
   at System.ArgumentNullException.ThrowIfNull(Object argument, String paramName)
   at System.Linq.Queryable.Count[TSource](IQueryable`1 source, Expression`1 predicate)
   at OdontoBackend.Services.Api.Controllers.AuthController.getUserByCiPas(UserByCiPasQuery request) in C:\Users\USER\source\repos\01-ODONTO-BACKEND\OdontoBackend.Services.Api\Controllers\AuthController.cs:line 51
   at Microsoft.AspNetCore.Mvc.Infrastructure.ActionMethodExecutor.TaskOfIActionResultExecutor.Execute(ActionContext actionContext, IActionResultTypeMapper mapper, ObjectMethodExecutor executor, Object controller, Object[] arguments)
   at Microsoft.AspNetCore.Mvc.Infrastructure.ControllerActionInvoker.<InvokeActionMethodAsync>g__Awaited|12_0(ControllerActionInvoker invoker, ValueTask`1 actionResultValueTask)
   at Microsoft.AspNetCore.Mvc.Infrastructure.ControllerActionInvoker.<InvokeNextActionFilterAsync>g__Awaited|10_0(ControllerActionInvoker invoker, Task lastTask, State next, Scope scope, Object state, Boolean isCompleted)
   at Microsoft.AspNetCore.Mvc.Infrastructure.ControllerActionInvoker.Rethrow(ActionExecutedContextSealed context)
   at Microsoft.AspNetCore.Mvc.Infrastructure.ControllerActionInvoker.Next(State& next, Scope& scope, Object& state, Boolean& isCompleted)
   at Microsoft.AspNetCore.Mvc.Infrastructure.ControllerActionInvoker.InvokeInnerFilterAsync()
--- End of stack trace from previous location ---
   at Microsoft.AspNetCore.Mvc.Infrastructure.ResourceInvoker.<InvokeFilterPipelineAsync>g__Awaited|20_0(ResourceInvoker invoker, Task lastTask, State next, Scope scope, Object state, Boolean isCompleted)
   at Microsoft.AspNetCore.Mvc.Infrastructure.ResourceInvoker.<InvokeAsync>g__Awaited|17_0(ResourceInvoker invoker, Task task, IDisposable scope)
   at Microsoft.AspNetCore.Mvc.Infrastructure.ResourceInvoker.<InvokeAsync>g__Awaited|17_0(ResourceInvoker invoker, Task task, IDisposable scope)
   at Microsoft.AspNetCore.Routing.EndpointMiddleware.<Invoke>g__AwaitRequestTask|6_0(Endpoint endpoint, Task requestTask, ILogger logger)
   at OdontoBackend.Common.Logs.ExceptionHandler.Invoke(HttpContext context) in C:\Users\USER\source\repos\01-ODONTO-BACKEND\OdontoBackend.Common.Logs\ExceptionHandler.cs:line 32
Information: 16:05:26 - 14 - Now listening on: https://localhost:7288
Information: 16:05:26 - 14 - Now listening on: http://localhost:5187
Information: 16:05:26 - 0 - Application started. Press Ctrl+C to shut down.
Information: 16:05:26 - 0 - Hosting environment: Development
Information: 16:05:26 - 0 - Content root path: C:\Users\USER\source\repos\01-ODONTO-BACKEND\OdontoBackend.Services.Api
Information: 16:06:50 - 14 - Now listening on: https://localhost:7288
Information: 16:06:50 - 14 - Now listening on: http://localhost:5187
Information: 16:06:50 - 0 - Application started. Press Ctrl+C to shut down.
Information: 16:06:50 - 0 - Hosting environment: Development
Information: 16:06:50 - 0 - Content root path: C:\Users\USER\source\repos\01-ODONTO-BACKEND\OdontoBackend.Services.Api
