Information: 19:11:52 - 14 - Now listening on: https://localhost:7288
Information: 19:11:52 - 14 - Now listening on: http://localhost:5187
Information: 19:11:52 - 0 - Application started. Press Ctrl+C to shut down.
Information: 19:11:52 - 0 - Hosting environment: Development
Information: 19:11:52 - 0 - Content root path: C:\Users\CARLOS\source\repos\01-ODONTO-BACKEND\OdontoBackend.Services.Api
Information: 19:30:49 - 14 - Now listening on: https://localhost:7288
Information: 19:30:49 - 14 - Now listening on: http://localhost:5187
Information: 19:30:49 - 0 - Application started. Press Ctrl+C to shut down.
Information: 19:30:49 - 0 - Hosting environment: Development
Information: 19:30:49 - 0 - Content root path: C:\Users\USER\source\repos\01-ODONTO-BACKEND\OdontoBackend.Services.Api
Information: 19:33:10 - 14 - Now listening on: https://localhost:7288
Information: 19:33:10 - 14 - Now listening on: http://localhost:5187
Information: 19:33:10 - 0 - Application started. Press Ctrl+C to shut down.
Information: 19:33:10 - 0 - Hosting environment: Development
Information: 19:33:10 - 0 - Content root path: C:\Users\USER\source\repos\01-ODONTO-BACKEND\OdontoBackend.Services.Api
Information: 20:30:05 - 14 - Now listening on: https://localhost:7288
Information: 20:30:05 - 14 - Now listening on: http://localhost:5187
Information: 20:30:05 - 0 - Application started. Press Ctrl+C to shut down.
Information: 20:30:05 - 0 - Hosting environment: Development
Information: 20:30:05 - 0 - Content root path: C:\Users\USER\source\repos\01-ODONTO-BACKEND\OdontoBackend.Services.Api
Information: 10:04:46 - 14 - Now listening on: https://localhost:7288
Information: 10:04:46 - 14 - Now listening on: http://localhost:5187
Information: 10:04:46 - 0 - Application started. Press Ctrl+C to shut down.
Information: 10:04:46 - 0 - Hosting environment: Development
Information: 10:04:46 - 0 - Content root path: C:\Users\USER\source\repos\01-ODONTO-BACKEND\OdontoBackend.Services.Api
Information: 10:22:04 - 14 - Now listening on: https://localhost:7288
Information: 10:22:04 - 14 - Now listening on: http://localhost:5187
Information: 10:22:04 - 0 - Application started. Press Ctrl+C to shut down.
Information: 10:22:04 - 0 - Hosting environment: Development
Information: 10:22:04 - 0 - Content root path: C:\Users\USER\source\repos\01-ODONTO-BACKEND\OdontoBackend.Services.Api
Error: 10:33:22 - 0 - System.ArgumentNullException: Value cannot be null. (Parameter 'source')
   at System.ArgumentNullException.Throw(String paramName)
   at System.Linq.Queryable.Count[TSource](IQueryable`1 source, Expression`1 predicate)
   at OdontoBackend.Services.Api.Controllers.AuthController.getUserByCiPas(UserByCiPasQuery request) in C:\Users\USER\source\repos\01-ODONTO-BACKEND\OdontoBackend.Services.Api\Controllers\AuthController.cs:line 51
   at Microsoft.AspNetCore.Mvc.Infrastructure.ActionMethodExecutor.TaskOfIActionResultExecutor.Execute(ActionContext actionContext, IActionResultTypeMapper mapper, ObjectMethodExecutor executor, Object controller, Object[] arguments)
   at Microsoft.AspNetCore.Mvc.Infrastructure.ControllerActionInvoker.<InvokeActionMethodAsync>g__Awaited|12_0(ControllerActionInvoker invoker, ValueTask`1 actionResultValueTask)
   at Microsoft.AspNetCore.Mvc.Infrastructure.ControllerActionInvoker.<InvokeNextActionFilterAsync>g__Awaited|10_0(ControllerActionInvoker invoker, Task lastTask, State next, Scope scope, Object state, Boolean isCompleted)
   at Microsoft.AspNetCore.Mvc.Infrastructure.ControllerActionInvoker.Rethrow(ActionExecutedContextSealed context)
   at Microsoft.AspNetCore.Mvc.Infrastructure.ControllerActionInvoker.Next(State& next, Scope& scope, Object& state, Boolean& isCompleted)
   at Microsoft.AspNetCore.Mvc.Infrastructure.ControllerActionInvoker.InvokeInnerFilterAsync()
--- End of stack trace from previous location ---
   at Microsoft.AspNetCore.Mvc.Infrastructure.ResourceInvoker.<InvokeFilterPipelineAsync>g__Awaited|20_0(ResourceInvoker invoker, Task lastTask, State next, Scope scope, Object state, Boolean isCompleted)
   at Microsoft.AspNetCore.Mvc.Infrastructure.ResourceInvoker.<InvokeAsync>g__Awaited|17_0(ResourceInvoker invoker, Task task, IDisposable scope)
   at Microsoft.AspNetCore.Mvc.Infrastructure.ResourceInvoker.<InvokeAsync>g__Awaited|17_0(ResourceInvoker invoker, Task task, IDisposable scope)
   at Microsoft.AspNetCore.Routing.EndpointMiddleware.<Invoke>g__AwaitRequestTask|6_0(Endpoint endpoint, Task requestTask, ILogger logger)
   at OdontoBackend.Common.Logs.ExceptionHandler.Invoke(HttpContext context) in C:\Users\USER\source\repos\01-ODONTO-BACKEND\OdontoBackend.Common.Logs\ExceptionHandler.cs:line 32
Error: 10:35:18 - 0 - System.ArgumentNullException: Value cannot be null. (Parameter 'source')
   at System.ArgumentNullException.Throw(String paramName)
   at System.Linq.Queryable.Count[TSource](IQueryable`1 source, Expression`1 predicate)
   at OdontoBackend.Services.Api.Controllers.AuthController.getUserByCiPas(UserByCiPasQuery request) in C:\Users\USER\source\repos\01-ODONTO-BACKEND\OdontoBackend.Services.Api\Controllers\AuthController.cs:line 51
   at Microsoft.AspNetCore.Mvc.Infrastructure.ActionMethodExecutor.TaskOfIActionResultExecutor.Execute(ActionContext actionContext, IActionResultTypeMapper mapper, ObjectMethodExecutor executor, Object controller, Object[] arguments)
   at Microsoft.AspNetCore.Mvc.Infrastructure.ControllerActionInvoker.<InvokeActionMethodAsync>g__Awaited|12_0(ControllerActionInvoker invoker, ValueTask`1 actionResultValueTask)
   at Microsoft.AspNetCore.Mvc.Infrastructure.ControllerActionInvoker.<InvokeNextActionFilterAsync>g__Awaited|10_0(ControllerActionInvoker invoker, Task lastTask, State next, Scope scope, Object state, Boolean isCompleted)
   at Microsoft.AspNetCore.Mvc.Infrastructure.ControllerActionInvoker.Rethrow(ActionExecutedContextSealed context)
   at Microsoft.AspNetCore.Mvc.Infrastructure.ControllerActionInvoker.Next(State& next, Scope& scope, Object& state, Boolean& isCompleted)
   at Microsoft.AspNetCore.Mvc.Infrastructure.ControllerActionInvoker.InvokeInnerFilterAsync()
--- End of stack trace from previous location ---
   at Microsoft.AspNetCore.Mvc.Infrastructure.ResourceInvoker.<InvokeFilterPipelineAsync>g__Awaited|20_0(ResourceInvoker invoker, Task lastTask, State next, Scope scope, Object state, Boolean isCompleted)
   at Microsoft.AspNetCore.Mvc.Infrastructure.ResourceInvoker.<InvokeAsync>g__Awaited|17_0(ResourceInvoker invoker, Task task, IDisposable scope)
   at Microsoft.AspNetCore.Mvc.Infrastructure.ResourceInvoker.<InvokeAsync>g__Awaited|17_0(ResourceInvoker invoker, Task task, IDisposable scope)
   at Microsoft.AspNetCore.Routing.EndpointMiddleware.<Invoke>g__AwaitRequestTask|6_0(Endpoint endpoint, Task requestTask, ILogger logger)
   at OdontoBackend.Common.Logs.ExceptionHandler.Invoke(HttpContext context) in C:\Users\USER\source\repos\01-ODONTO-BACKEND\OdontoBackend.Common.Logs\ExceptionHandler.cs:line 32
Error: 10:35:59 - 0 - System.ArgumentNullException: Value cannot be null. (Parameter 'source')
   at System.ArgumentNullException.Throw(String paramName)
   at System.Linq.Queryable.Count[TSource](IQueryable`1 source, Expression`1 predicate)
   at OdontoBackend.Services.Api.Controllers.AuthController.getUserByCiPas(UserByCiPasQuery request) in C:\Users\USER\source\repos\01-ODONTO-BACKEND\OdontoBackend.Services.Api\Controllers\AuthController.cs:line 51
   at Microsoft.AspNetCore.Mvc.Infrastructure.ActionMethodExecutor.TaskOfIActionResultExecutor.Execute(ActionContext actionContext, IActionResultTypeMapper mapper, ObjectMethodExecutor executor, Object controller, Object[] arguments)
   at Microsoft.AspNetCore.Mvc.Infrastructure.ControllerActionInvoker.<InvokeActionMethodAsync>g__Awaited|12_0(ControllerActionInvoker invoker, ValueTask`1 actionResultValueTask)
   at Microsoft.AspNetCore.Mvc.Infrastructure.ControllerActionInvoker.<InvokeNextActionFilterAsync>g__Awaited|10_0(ControllerActionInvoker invoker, Task lastTask, State next, Scope scope, Object state, Boolean isCompleted)
   at Microsoft.AspNetCore.Mvc.Infrastructure.ControllerActionInvoker.Rethrow(ActionExecutedContextSealed context)
   at Microsoft.AspNetCore.Mvc.Infrastructure.ControllerActionInvoker.Next(State& next, Scope& scope, Object& state, Boolean& isCompleted)
   at Microsoft.AspNetCore.Mvc.Infrastructure.ControllerActionInvoker.InvokeInnerFilterAsync()
--- End of stack trace from previous location ---
   at Microsoft.AspNetCore.Mvc.Infrastructure.ResourceInvoker.<InvokeFilterPipelineAsync>g__Awaited|20_0(ResourceInvoker invoker, Task lastTask, State next, Scope scope, Object state, Boolean isCompleted)
   at Microsoft.AspNetCore.Mvc.Infrastructure.ResourceInvoker.<InvokeAsync>g__Awaited|17_0(ResourceInvoker invoker, Task task, IDisposable scope)
   at Microsoft.AspNetCore.Mvc.Infrastructure.ResourceInvoker.<InvokeAsync>g__Awaited|17_0(ResourceInvoker invoker, Task task, IDisposable scope)
   at Microsoft.AspNetCore.Routing.EndpointMiddleware.<Invoke>g__AwaitRequestTask|6_0(Endpoint endpoint, Task requestTask, ILogger logger)
   at OdontoBackend.Common.Logs.ExceptionHandler.Invoke(HttpContext context) in C:\Users\USER\source\repos\01-ODONTO-BACKEND\OdontoBackend.Common.Logs\ExceptionHandler.cs:line 32
Error: 10:36:16 - 0 - System.ArgumentNullException: Value cannot be null. (Parameter 'source')
   at System.ArgumentNullException.Throw(String paramName)
   at System.Linq.Queryable.Count[TSource](IQueryable`1 source, Expression`1 predicate)
   at OdontoBackend.Services.Api.Controllers.AuthController.getUserByCiPas(UserByCiPasQuery request) in C:\Users\USER\source\repos\01-ODONTO-BACKEND\OdontoBackend.Services.Api\Controllers\AuthController.cs:line 51
   at Microsoft.AspNetCore.Mvc.Infrastructure.ActionMethodExecutor.TaskOfIActionResultExecutor.Execute(ActionContext actionContext, IActionResultTypeMapper mapper, ObjectMethodExecutor executor, Object controller, Object[] arguments)
   at Microsoft.AspNetCore.Mvc.Infrastructure.ControllerActionInvoker.<InvokeActionMethodAsync>g__Awaited|12_0(ControllerActionInvoker invoker, ValueTask`1 actionResultValueTask)
   at Microsoft.AspNetCore.Mvc.Infrastructure.ControllerActionInvoker.<InvokeNextActionFilterAsync>g__Awaited|10_0(ControllerActionInvoker invoker, Task lastTask, State next, Scope scope, Object state, Boolean isCompleted)
   at Microsoft.AspNetCore.Mvc.Infrastructure.ControllerActionInvoker.Rethrow(ActionExecutedContextSealed context)
   at Microsoft.AspNetCore.Mvc.Infrastructure.ControllerActionInvoker.Next(State& next, Scope& scope, Object& state, Boolean& isCompleted)
   at Microsoft.AspNetCore.Mvc.Infrastructure.ControllerActionInvoker.InvokeInnerFilterAsync()
--- End of stack trace from previous location ---
   at Microsoft.AspNetCore.Mvc.Infrastructure.ResourceInvoker.<InvokeFilterPipelineAsync>g__Awaited|20_0(ResourceInvoker invoker, Task lastTask, State next, Scope scope, Object state, Boolean isCompleted)
   at Microsoft.AspNetCore.Mvc.Infrastructure.ResourceInvoker.<InvokeAsync>g__Awaited|17_0(ResourceInvoker invoker, Task task, IDisposable scope)
   at Microsoft.AspNetCore.Mvc.Infrastructure.ResourceInvoker.<InvokeAsync>g__Awaited|17_0(ResourceInvoker invoker, Task task, IDisposable scope)
   at Microsoft.AspNetCore.Routing.EndpointMiddleware.<Invoke>g__AwaitRequestTask|6_0(Endpoint endpoint, Task requestTask, ILogger logger)
   at OdontoBackend.Common.Logs.ExceptionHandler.Invoke(HttpContext context) in C:\Users\USER\source\repos\01-ODONTO-BACKEND\OdontoBackend.Common.Logs\ExceptionHandler.cs:line 32
Error: 10:46:48 - 0 - System.ArgumentNullException: Value cannot be null. (Parameter 'source')
   at System.ArgumentNullException.Throw(String paramName)
   at System.Linq.Queryable.Count[TSource](IQueryable`1 source, Expression`1 predicate)
   at OdontoBackend.Services.Api.Controllers.AuthController.getUserByCiPas(UserByCiPasQuery request) in C:\Users\USER\source\repos\01-ODONTO-BACKEND\OdontoBackend.Services.Api\Controllers\AuthController.cs:line 51
   at Microsoft.AspNetCore.Mvc.Infrastructure.ActionMethodExecutor.TaskOfIActionResultExecutor.Execute(ActionContext actionContext, IActionResultTypeMapper mapper, ObjectMethodExecutor executor, Object controller, Object[] arguments)
   at Microsoft.AspNetCore.Mvc.Infrastructure.ControllerActionInvoker.<InvokeActionMethodAsync>g__Awaited|12_0(ControllerActionInvoker invoker, ValueTask`1 actionResultValueTask)
   at Microsoft.AspNetCore.Mvc.Infrastructure.ControllerActionInvoker.<InvokeNextActionFilterAsync>g__Awaited|10_0(ControllerActionInvoker invoker, Task lastTask, State next, Scope scope, Object state, Boolean isCompleted)
   at Microsoft.AspNetCore.Mvc.Infrastructure.ControllerActionInvoker.Rethrow(ActionExecutedContextSealed context)
   at Microsoft.AspNetCore.Mvc.Infrastructure.ControllerActionInvoker.Next(State& next, Scope& scope, Object& state, Boolean& isCompleted)
   at Microsoft.AspNetCore.Mvc.Infrastructure.ControllerActionInvoker.InvokeInnerFilterAsync()
--- End of stack trace from previous location ---
   at Microsoft.AspNetCore.Mvc.Infrastructure.ResourceInvoker.<InvokeFilterPipelineAsync>g__Awaited|20_0(ResourceInvoker invoker, Task lastTask, State next, Scope scope, Object state, Boolean isCompleted)
   at Microsoft.AspNetCore.Mvc.Infrastructure.ResourceInvoker.<InvokeAsync>g__Awaited|17_0(ResourceInvoker invoker, Task task, IDisposable scope)
   at Microsoft.AspNetCore.Mvc.Infrastructure.ResourceInvoker.<InvokeAsync>g__Awaited|17_0(ResourceInvoker invoker, Task task, IDisposable scope)
   at Microsoft.AspNetCore.Routing.EndpointMiddleware.<Invoke>g__AwaitRequestTask|6_0(Endpoint endpoint, Task requestTask, ILogger logger)
   at OdontoBackend.Common.Logs.ExceptionHandler.Invoke(HttpContext context) in C:\Users\USER\source\repos\01-ODONTO-BACKEND\OdontoBackend.Common.Logs\ExceptionHandler.cs:line 32
Error: 10:50:24 - 0 - System.InvalidCastException: Parameter i_cod_usuario must be set
   at Npgsql.NpgsqlParameter.ValidateAndGetLength()
   at Npgsql.NpgsqlParameterCollection.ProcessParameters(TypeMapper typeMapper, Boolean validateValues, CommandType commandType)
   at Npgsql.NpgsqlCommand.ExecuteReader(CommandBehavior behavior, Boolean async, CancellationToken cancellationToken)
   at Npgsql.NpgsqlCommand.ExecuteReader(CommandBehavior behavior, Boolean async, CancellationToken cancellationToken)
   at Npgsql.NpgsqlCommand.ExecuteNonQuery(Boolean async, CancellationToken cancellationToken)
   at Npgsql.NpgsqlCommand.ExecuteNonQuery()
   at OdontoBackend.Infrastructure.Repository.AuthRepository.GetMenuByCodAplicacion(Menu request) in C:\Users\USER\source\repos\01-ODONTO-BACKEND\OdontoBackend.Infrastructure\Repository\AuthRepository.cs:line 402
   at OdontoBackend.Aplicacion.Services.UserService.GetMenuByCodAplicacion(Task`1 request) in C:\Users\USER\source\repos\01-ODONTO-BACKEND\OdontoBackend.Aplicacion\Services\UserService.cs:line 78
   at OdontoBackend.Services.Api.Controllers.AuthController.GetMenuByCodAplicacion(MenuByCodAplicacionQuery request) in C:\Users\USER\source\repos\01-ODONTO-BACKEND\OdontoBackend.Services.Api\Controllers\AuthController.cs:line 182
   at Microsoft.AspNetCore.Mvc.Infrastructure.ActionMethodExecutor.TaskOfIActionResultExecutor.Execute(ActionContext actionContext, IActionResultTypeMapper mapper, ObjectMethodExecutor executor, Object controller, Object[] arguments)
   at Microsoft.AspNetCore.Mvc.Infrastructure.ControllerActionInvoker.<InvokeActionMethodAsync>g__Awaited|12_0(ControllerActionInvoker invoker, ValueTask`1 actionResultValueTask)
   at Microsoft.AspNetCore.Mvc.Infrastructure.ControllerActionInvoker.<InvokeNextActionFilterAsync>g__Awaited|10_0(ControllerActionInvoker invoker, Task lastTask, State next, Scope scope, Object state, Boolean isCompleted)
   at Microsoft.AspNetCore.Mvc.Infrastructure.ControllerActionInvoker.Rethrow(ActionExecutedContextSealed context)
   at Microsoft.AspNetCore.Mvc.Infrastructure.ControllerActionInvoker.Next(State& next, Scope& scope, Object& state, Boolean& isCompleted)
   at Microsoft.AspNetCore.Mvc.Infrastructure.ControllerActionInvoker.InvokeInnerFilterAsync()
--- End of stack trace from previous location ---
   at Microsoft.AspNetCore.Mvc.Infrastructure.ResourceInvoker.<InvokeFilterPipelineAsync>g__Awaited|20_0(ResourceInvoker invoker, Task lastTask, State next, Scope scope, Object state, Boolean isCompleted)
   at Microsoft.AspNetCore.Mvc.Infrastructure.ResourceInvoker.<InvokeAsync>g__Awaited|17_0(ResourceInvoker invoker, Task task, IDisposable scope)
   at Microsoft.AspNetCore.Mvc.Infrastructure.ResourceInvoker.<InvokeAsync>g__Awaited|17_0(ResourceInvoker invoker, Task task, IDisposable scope)
   at Microsoft.AspNetCore.Routing.EndpointMiddleware.<Invoke>g__AwaitRequestTask|6_0(Endpoint endpoint, Task requestTask, ILogger logger)
   at OdontoBackend.Common.Logs.ExceptionHandler.Invoke(HttpContext context) in C:\Users\USER\source\repos\01-ODONTO-BACKEND\OdontoBackend.Common.Logs\ExceptionHandler.cs:line 32
Error: 10:50:25 - 0 - System.InvalidCastException: Parameter i_cod_usuario must be set
   at Npgsql.NpgsqlParameter.ValidateAndGetLength()
   at Npgsql.NpgsqlParameterCollection.ProcessParameters(TypeMapper typeMapper, Boolean validateValues, CommandType commandType)
   at Npgsql.NpgsqlCommand.ExecuteReader(CommandBehavior behavior, Boolean async, CancellationToken cancellationToken)
   at Npgsql.NpgsqlCommand.ExecuteReader(CommandBehavior behavior, Boolean async, CancellationToken cancellationToken)
   at Npgsql.NpgsqlCommand.ExecuteNonQuery(Boolean async, CancellationToken cancellationToken)
   at Npgsql.NpgsqlCommand.ExecuteNonQuery()
   at OdontoBackend.Infrastructure.Repository.AuthRepository.GetMenuByCodAplicacion(Menu request) in C:\Users\USER\source\repos\01-ODONTO-BACKEND\OdontoBackend.Infrastructure\Repository\AuthRepository.cs:line 402
   at OdontoBackend.Aplicacion.Services.UserService.GetMenuByCodAplicacion(Task`1 request) in C:\Users\USER\source\repos\01-ODONTO-BACKEND\OdontoBackend.Aplicacion\Services\UserService.cs:line 78
   at OdontoBackend.Services.Api.Controllers.AuthController.GetMenuByCodAplicacion(MenuByCodAplicacionQuery request) in C:\Users\USER\source\repos\01-ODONTO-BACKEND\OdontoBackend.Services.Api\Controllers\AuthController.cs:line 182
   at Microsoft.AspNetCore.Mvc.Infrastructure.ActionMethodExecutor.TaskOfIActionResultExecutor.Execute(ActionContext actionContext, IActionResultTypeMapper mapper, ObjectMethodExecutor executor, Object controller, Object[] arguments)
   at Microsoft.AspNetCore.Mvc.Infrastructure.ControllerActionInvoker.<InvokeActionMethodAsync>g__Awaited|12_0(ControllerActionInvoker invoker, ValueTask`1 actionResultValueTask)
   at Microsoft.AspNetCore.Mvc.Infrastructure.ControllerActionInvoker.<InvokeNextActionFilterAsync>g__Awaited|10_0(ControllerActionInvoker invoker, Task lastTask, State next, Scope scope, Object state, Boolean isCompleted)
   at Microsoft.AspNetCore.Mvc.Infrastructure.ControllerActionInvoker.Rethrow(ActionExecutedContextSealed context)
   at Microsoft.AspNetCore.Mvc.Infrastructure.ControllerActionInvoker.Next(State& next, Scope& scope, Object& state, Boolean& isCompleted)
   at Microsoft.AspNetCore.Mvc.Infrastructure.ControllerActionInvoker.InvokeInnerFilterAsync()
--- End of stack trace from previous location ---
   at Microsoft.AspNetCore.Mvc.Infrastructure.ResourceInvoker.<InvokeFilterPipelineAsync>g__Awaited|20_0(ResourceInvoker invoker, Task lastTask, State next, Scope scope, Object state, Boolean isCompleted)
   at Microsoft.AspNetCore.Mvc.Infrastructure.ResourceInvoker.<InvokeAsync>g__Awaited|17_0(ResourceInvoker invoker, Task task, IDisposable scope)
   at Microsoft.AspNetCore.Mvc.Infrastructure.ResourceInvoker.<InvokeAsync>g__Awaited|17_0(ResourceInvoker invoker, Task task, IDisposable scope)
   at Microsoft.AspNetCore.Routing.EndpointMiddleware.<Invoke>g__AwaitRequestTask|6_0(Endpoint endpoint, Task requestTask, ILogger logger)
   at OdontoBackend.Common.Logs.ExceptionHandler.Invoke(HttpContext context) in C:\Users\USER\source\repos\01-ODONTO-BACKEND\OdontoBackend.Common.Logs\ExceptionHandler.cs:line 32
Error: 10:50:32 - 0 - System.InvalidCastException: Parameter i_cod_usuario must be set
   at Npgsql.NpgsqlParameter.ValidateAndGetLength()
   at Npgsql.NpgsqlParameterCollection.ProcessParameters(TypeMapper typeMapper, Boolean validateValues, CommandType commandType)
   at Npgsql.NpgsqlCommand.ExecuteReader(CommandBehavior behavior, Boolean async, CancellationToken cancellationToken)
   at Npgsql.NpgsqlCommand.ExecuteReader(CommandBehavior behavior, Boolean async, CancellationToken cancellationToken)
   at Npgsql.NpgsqlCommand.ExecuteNonQuery(Boolean async, CancellationToken cancellationToken)
   at Npgsql.NpgsqlCommand.ExecuteNonQuery()
   at OdontoBackend.Infrastructure.Repository.AuthRepository.GetMenuByCodAplicacion(Menu request) in C:\Users\USER\source\repos\01-ODONTO-BACKEND\OdontoBackend.Infrastructure\Repository\AuthRepository.cs:line 402
   at OdontoBackend.Aplicacion.Services.UserService.GetMenuByCodAplicacion(Task`1 request) in C:\Users\USER\source\repos\01-ODONTO-BACKEND\OdontoBackend.Aplicacion\Services\UserService.cs:line 78
   at OdontoBackend.Services.Api.Controllers.AuthController.GetMenuByCodAplicacion(MenuByCodAplicacionQuery request) in C:\Users\USER\source\repos\01-ODONTO-BACKEND\OdontoBackend.Services.Api\Controllers\AuthController.cs:line 182
   at Microsoft.AspNetCore.Mvc.Infrastructure.ActionMethodExecutor.TaskOfIActionResultExecutor.Execute(ActionContext actionContext, IActionResultTypeMapper mapper, ObjectMethodExecutor executor, Object controller, Object[] arguments)
   at Microsoft.AspNetCore.Mvc.Infrastructure.ControllerActionInvoker.<InvokeActionMethodAsync>g__Awaited|12_0(ControllerActionInvoker invoker, ValueTask`1 actionResultValueTask)
   at Microsoft.AspNetCore.Mvc.Infrastructure.ControllerActionInvoker.<InvokeNextActionFilterAsync>g__Awaited|10_0(ControllerActionInvoker invoker, Task lastTask, State next, Scope scope, Object state, Boolean isCompleted)
   at Microsoft.AspNetCore.Mvc.Infrastructure.ControllerActionInvoker.Rethrow(ActionExecutedContextSealed context)
   at Microsoft.AspNetCore.Mvc.Infrastructure.ControllerActionInvoker.Next(State& next, Scope& scope, Object& state, Boolean& isCompleted)
   at Microsoft.AspNetCore.Mvc.Infrastructure.ControllerActionInvoker.InvokeInnerFilterAsync()
--- End of stack trace from previous location ---
   at Microsoft.AspNetCore.Mvc.Infrastructure.ResourceInvoker.<InvokeFilterPipelineAsync>g__Awaited|20_0(ResourceInvoker invoker, Task lastTask, State next, Scope scope, Object state, Boolean isCompleted)
   at Microsoft.AspNetCore.Mvc.Infrastructure.ResourceInvoker.<InvokeAsync>g__Awaited|17_0(ResourceInvoker invoker, Task task, IDisposable scope)
   at Microsoft.AspNetCore.Mvc.Infrastructure.ResourceInvoker.<InvokeAsync>g__Awaited|17_0(ResourceInvoker invoker, Task task, IDisposable scope)
   at Microsoft.AspNetCore.Routing.EndpointMiddleware.<Invoke>g__AwaitRequestTask|6_0(Endpoint endpoint, Task requestTask, ILogger logger)
   at OdontoBackend.Common.Logs.ExceptionHandler.Invoke(HttpContext context) in C:\Users\USER\source\repos\01-ODONTO-BACKEND\OdontoBackend.Common.Logs\ExceptionHandler.cs:line 32
Error: 10:50:33 - 0 - System.InvalidCastException: Parameter i_cod_usuario must be set
   at Npgsql.NpgsqlParameter.ValidateAndGetLength()
   at Npgsql.NpgsqlParameterCollection.ProcessParameters(TypeMapper typeMapper, Boolean validateValues, CommandType commandType)
   at Npgsql.NpgsqlCommand.ExecuteReader(CommandBehavior behavior, Boolean async, CancellationToken cancellationToken)
   at Npgsql.NpgsqlCommand.ExecuteReader(CommandBehavior behavior, Boolean async, CancellationToken cancellationToken)
   at Npgsql.NpgsqlCommand.ExecuteNonQuery(Boolean async, CancellationToken cancellationToken)
   at Npgsql.NpgsqlCommand.ExecuteNonQuery()
   at OdontoBackend.Infrastructure.Repository.AuthRepository.GetMenuByCodAplicacion(Menu request) in C:\Users\USER\source\repos\01-ODONTO-BACKEND\OdontoBackend.Infrastructure\Repository\AuthRepository.cs:line 402
   at OdontoBackend.Aplicacion.Services.UserService.GetMenuByCodAplicacion(Task`1 request) in C:\Users\USER\source\repos\01-ODONTO-BACKEND\OdontoBackend.Aplicacion\Services\UserService.cs:line 78
   at OdontoBackend.Services.Api.Controllers.AuthController.GetMenuByCodAplicacion(MenuByCodAplicacionQuery request) in C:\Users\USER\source\repos\01-ODONTO-BACKEND\OdontoBackend.Services.Api\Controllers\AuthController.cs:line 182
   at Microsoft.AspNetCore.Mvc.Infrastructure.ActionMethodExecutor.TaskOfIActionResultExecutor.Execute(ActionContext actionContext, IActionResultTypeMapper mapper, ObjectMethodExecutor executor, Object controller, Object[] arguments)
   at Microsoft.AspNetCore.Mvc.Infrastructure.ControllerActionInvoker.<InvokeActionMethodAsync>g__Awaited|12_0(ControllerActionInvoker invoker, ValueTask`1 actionResultValueTask)
   at Microsoft.AspNetCore.Mvc.Infrastructure.ControllerActionInvoker.<InvokeNextActionFilterAsync>g__Awaited|10_0(ControllerActionInvoker invoker, Task lastTask, State next, Scope scope, Object state, Boolean isCompleted)
   at Microsoft.AspNetCore.Mvc.Infrastructure.ControllerActionInvoker.Rethrow(ActionExecutedContextSealed context)
   at Microsoft.AspNetCore.Mvc.Infrastructure.ControllerActionInvoker.Next(State& next, Scope& scope, Object& state, Boolean& isCompleted)
   at Microsoft.AspNetCore.Mvc.Infrastructure.ControllerActionInvoker.InvokeInnerFilterAsync()
--- End of stack trace from previous location ---
   at Microsoft.AspNetCore.Mvc.Infrastructure.ResourceInvoker.<InvokeFilterPipelineAsync>g__Awaited|20_0(ResourceInvoker invoker, Task lastTask, State next, Scope scope, Object state, Boolean isCompleted)
   at Microsoft.AspNetCore.Mvc.Infrastructure.ResourceInvoker.<InvokeAsync>g__Awaited|17_0(ResourceInvoker invoker, Task task, IDisposable scope)
   at Microsoft.AspNetCore.Mvc.Infrastructure.ResourceInvoker.<InvokeAsync>g__Awaited|17_0(ResourceInvoker invoker, Task task, IDisposable scope)
   at Microsoft.AspNetCore.Routing.EndpointMiddleware.<Invoke>g__AwaitRequestTask|6_0(Endpoint endpoint, Task requestTask, ILogger logger)
   at OdontoBackend.Common.Logs.ExceptionHandler.Invoke(HttpContext context) in C:\Users\USER\source\repos\01-ODONTO-BACKEND\OdontoBackend.Common.Logs\ExceptionHandler.cs:line 32
Error: 10:50:35 - 0 - System.InvalidCastException: Parameter i_cod_usuario must be set
   at Npgsql.NpgsqlParameter.ValidateAndGetLength()
   at Npgsql.NpgsqlParameterCollection.ProcessParameters(TypeMapper typeMapper, Boolean validateValues, CommandType commandType)
   at Npgsql.NpgsqlCommand.ExecuteReader(CommandBehavior behavior, Boolean async, CancellationToken cancellationToken)
   at Npgsql.NpgsqlCommand.ExecuteReader(CommandBehavior behavior, Boolean async, CancellationToken cancellationToken)
   at Npgsql.NpgsqlCommand.ExecuteNonQuery(Boolean async, CancellationToken cancellationToken)
   at Npgsql.NpgsqlCommand.ExecuteNonQuery()
   at OdontoBackend.Infrastructure.Repository.AuthRepository.GetMenuByCodAplicacion(Menu request) in C:\Users\USER\source\repos\01-ODONTO-BACKEND\OdontoBackend.Infrastructure\Repository\AuthRepository.cs:line 402
   at OdontoBackend.Aplicacion.Services.UserService.GetMenuByCodAplicacion(Task`1 request) in C:\Users\USER\source\repos\01-ODONTO-BACKEND\OdontoBackend.Aplicacion\Services\UserService.cs:line 78
   at OdontoBackend.Services.Api.Controllers.AuthController.GetMenuByCodAplicacion(MenuByCodAplicacionQuery request) in C:\Users\USER\source\repos\01-ODONTO-BACKEND\OdontoBackend.Services.Api\Controllers\AuthController.cs:line 182
   at Microsoft.AspNetCore.Mvc.Infrastructure.ActionMethodExecutor.TaskOfIActionResultExecutor.Execute(ActionContext actionContext, IActionResultTypeMapper mapper, ObjectMethodExecutor executor, Object controller, Object[] arguments)
   at Microsoft.AspNetCore.Mvc.Infrastructure.ControllerActionInvoker.<InvokeActionMethodAsync>g__Awaited|12_0(ControllerActionInvoker invoker, ValueTask`1 actionResultValueTask)
   at Microsoft.AspNetCore.Mvc.Infrastructure.ControllerActionInvoker.<InvokeNextActionFilterAsync>g__Awaited|10_0(ControllerActionInvoker invoker, Task lastTask, State next, Scope scope, Object state, Boolean isCompleted)
   at Microsoft.AspNetCore.Mvc.Infrastructure.ControllerActionInvoker.Rethrow(ActionExecutedContextSealed context)
   at Microsoft.AspNetCore.Mvc.Infrastructure.ControllerActionInvoker.Next(State& next, Scope& scope, Object& state, Boolean& isCompleted)
   at Microsoft.AspNetCore.Mvc.Infrastructure.ControllerActionInvoker.InvokeInnerFilterAsync()
--- End of stack trace from previous location ---
   at Microsoft.AspNetCore.Mvc.Infrastructure.ResourceInvoker.<InvokeFilterPipelineAsync>g__Awaited|20_0(ResourceInvoker invoker, Task lastTask, State next, Scope scope, Object state, Boolean isCompleted)
   at Microsoft.AspNetCore.Mvc.Infrastructure.ResourceInvoker.<InvokeAsync>g__Awaited|17_0(ResourceInvoker invoker, Task task, IDisposable scope)
   at Microsoft.AspNetCore.Mvc.Infrastructure.ResourceInvoker.<InvokeAsync>g__Awaited|17_0(ResourceInvoker invoker, Task task, IDisposable scope)
   at Microsoft.AspNetCore.Routing.EndpointMiddleware.<Invoke>g__AwaitRequestTask|6_0(Endpoint endpoint, Task requestTask, ILogger logger)
   at OdontoBackend.Common.Logs.ExceptionHandler.Invoke(HttpContext context) in C:\Users\USER\source\repos\01-ODONTO-BACKEND\OdontoBackend.Common.Logs\ExceptionHandler.cs:line 32
Error: 11:01:36 - 0 - System.ArgumentNullException: Value cannot be null. (Parameter 'source')
   at System.ArgumentNullException.Throw(String paramName)
   at System.Linq.Queryable.Count[TSource](IQueryable`1 source, Expression`1 predicate)
   at OdontoBackend.Services.Api.Controllers.AuthController.getUserByCiPas(UserByCiPasQuery request) in C:\Users\USER\source\repos\01-ODONTO-BACKEND\OdontoBackend.Services.Api\Controllers\AuthController.cs:line 51
   at Microsoft.AspNetCore.Mvc.Infrastructure.ActionMethodExecutor.TaskOfIActionResultExecutor.Execute(ActionContext actionContext, IActionResultTypeMapper mapper, ObjectMethodExecutor executor, Object controller, Object[] arguments)
   at Microsoft.AspNetCore.Mvc.Infrastructure.ControllerActionInvoker.<InvokeActionMethodAsync>g__Awaited|12_0(ControllerActionInvoker invoker, ValueTask`1 actionResultValueTask)
   at Microsoft.AspNetCore.Mvc.Infrastructure.ControllerActionInvoker.<InvokeNextActionFilterAsync>g__Awaited|10_0(ControllerActionInvoker invoker, Task lastTask, State next, Scope scope, Object state, Boolean isCompleted)
   at Microsoft.AspNetCore.Mvc.Infrastructure.ControllerActionInvoker.Rethrow(ActionExecutedContextSealed context)
   at Microsoft.AspNetCore.Mvc.Infrastructure.ControllerActionInvoker.Next(State& next, Scope& scope, Object& state, Boolean& isCompleted)
   at Microsoft.AspNetCore.Mvc.Infrastructure.ControllerActionInvoker.InvokeInnerFilterAsync()
--- End of stack trace from previous location ---
   at Microsoft.AspNetCore.Mvc.Infrastructure.ResourceInvoker.<InvokeFilterPipelineAsync>g__Awaited|20_0(ResourceInvoker invoker, Task lastTask, State next, Scope scope, Object state, Boolean isCompleted)
   at Microsoft.AspNetCore.Mvc.Infrastructure.ResourceInvoker.<InvokeAsync>g__Awaited|17_0(ResourceInvoker invoker, Task task, IDisposable scope)
   at Microsoft.AspNetCore.Mvc.Infrastructure.ResourceInvoker.<InvokeAsync>g__Awaited|17_0(ResourceInvoker invoker, Task task, IDisposable scope)
   at Microsoft.AspNetCore.Routing.EndpointMiddleware.<Invoke>g__AwaitRequestTask|6_0(Endpoint endpoint, Task requestTask, ILogger logger)
   at OdontoBackend.Common.Logs.ExceptionHandler.Invoke(HttpContext context) in C:\Users\USER\source\repos\01-ODONTO-BACKEND\OdontoBackend.Common.Logs\ExceptionHandler.cs:line 32
Information: 15:39:41 - 14 - Now listening on: https://localhost:7288
Information: 15:39:41 - 14 - Now listening on: http://localhost:5187
Information: 15:39:41 - 0 - Application started. Press Ctrl+C to shut down.
Information: 15:39:41 - 0 - Hosting environment: Development
Information: 15:39:41 - 0 - Content root path: C:\Users\USER\source\repos\01-ODONTO-BACKEND\OdontoBackend.Services.Api
